Using pre-set license
Built from '2021.2/staging' branch; Version is '2021.2.14f1 (bcb93e5482d2) revision 12368190'; Using compiler version '192829333'; Build Type 'Release'
OS: 'Windows 10  (10.0.19043) 64bit Professional' Language: 'en' Physical Memory: 16225 MB
BatchMode: 1, IsHumanControllingUs: 0, StartBugReporterOnCrash: 0, Is64bit: 1, IsPro: 1

COMMAND LINE ARGUMENTS:
C:\Program Files\Unity\Hub\Editor\2021.2.14f1\Editor\Unity.exe
-adb2
-batchMode
-noUpm
-name
AssetImportWorker0
-projectPath
C:/Users/Khang/Documents/Github/Stick-Warrior
-logFile
Logs/AssetImportWorker0.log
-srvPort
50310
Successfully changed project path to: C:/Users/Khang/Documents/Github/Stick-Warrior
C:/Users/Khang/Documents/Github/Stick-Warrior
[UnityMemory] Configuration Parameters - Can be set up in boot.config
    "memorysetup-bucket-allocator-granularity=16"
    "memorysetup-bucket-allocator-bucket-count=8"
    "memorysetup-bucket-allocator-block-size=33554432"
    "memorysetup-bucket-allocator-block-count=8"
    "memorysetup-main-allocator-block-size=16777216"
    "memorysetup-thread-allocator-block-size=16777216"
    "memorysetup-gfx-main-allocator-block-size=16777216"
    "memorysetup-gfx-thread-allocator-block-size=16777216"
    "memorysetup-cache-allocator-block-size=4194304"
    "memorysetup-typetree-allocator-block-size=2097152"
    "memorysetup-profiler-bucket-allocator-granularity=16"
    "memorysetup-profiler-bucket-allocator-bucket-count=8"
    "memorysetup-profiler-bucket-allocator-block-size=33554432"
    "memorysetup-profiler-bucket-allocator-block-count=8"
    "memorysetup-profiler-allocator-block-size=16777216"
    "memorysetup-profiler-editor-allocator-block-size=1048576"
    "memorysetup-temp-allocator-size-main=16777216"
    "memorysetup-job-temp-allocator-block-size=2097152"
    "memorysetup-job-temp-allocator-block-size-background=1048576"
    "memorysetup-job-temp-allocator-reduction-small-platforms=262144"
    "memorysetup-temp-allocator-size-background-worker=32768"
    "memorysetup-temp-allocator-size-job-worker=262144"
    "memorysetup-temp-allocator-size-preload-manager=33554432"
    "memorysetup-temp-allocator-size-nav-mesh-worker=65536"
    "memorysetup-temp-allocator-size-audio-worker=65536"
    "memorysetup-temp-allocator-size-cloud-worker=32768"
    "memorysetup-temp-allocator-size-gi-baking-worker=262144"
    "memorysetup-temp-allocator-size-gfx=262144"
Refreshing native plugins compatible for Editor in 46.86 ms, found 3 plugins.
Preloading 0 native plugins for Editor in 0.00 ms.
Initialize engine version: 2021.2.14f1 (bcb93e5482d2)
[Subsystems] Discovering subsystems at path C:/Program Files/Unity/Hub/Editor/2021.2.14f1/Editor/Data/Resources/UnitySubsystems
[Subsystems] Discovering subsystems at path C:/Users/Khang/Documents/Github/Stick-Warrior/Assets
GfxDevice: creating device client; threaded=0; jobified=0
Direct3D:
    Version:  Direct3D 11.0 [level 11.1]
    Renderer: Radeon RX Vega M GL Graphics (ID=0x694e)
    Vendor:   ATI
    VRAM:     4043 MB
    Driver:   25.20.15008.2
Initialize mono
Mono path[0] = 'C:/Program Files/Unity/Hub/Editor/2021.2.14f1/Editor/Data/Managed'
Mono path[1] = 'C:/Program Files/Unity/Hub/Editor/2021.2.14f1/Editor/Data/MonoBleedingEdge/lib/mono/unityjit-win32'
Mono config path = 'C:/Program Files/Unity/Hub/Editor/2021.2.14f1/Editor/Data/MonoBleedingEdge/etc'
Using monoOptions --debugger-agent=transport=dt_socket,embedding=1,server=y,suspend=n,address=127.0.0.1:56812
Begin MonoManager ReloadAssembly
Registering precompiled unity dll's ...
Register platform support module: C:/Program Files/Unity/Hub/Editor/2021.2.14f1/Editor/Data/PlaybackEngines/WindowsStandaloneSupport/UnityEditor.WindowsStandalone.Extensions.dll
Registered in 0.012923 seconds.
Native extension for WindowsStandalone target not found
Refreshing native plugins compatible for Editor in 74.38 ms, found 3 plugins.
Preloading 0 native plugins for Editor in 0.00 ms.
Mono: successfully reloaded assembly
- Completed reload, in  1.301 seconds
Domain Reload Profiling:
	ReloadAssembly (1303ms)
		BeginReloadAssembly (174ms)
			ExecutionOrderSort (0ms)
			DisableScriptedObjects (0ms)
			BackupInstance (0ms)
			ReleaseScriptingObjects (0ms)
			CreateAndSetChildDomain (3ms)
		EndReloadAssembly (931ms)
			LoadAssemblies (167ms)
			RebuildTransferFunctionScriptingTraits (0ms)
			SetupTypeCache (228ms)
			ReleaseScriptCaches (0ms)
			RebuildScriptCaches (65ms)
			SetupLoadedEditorAssemblies (534ms)
				LogAssemblyErrors (0ms)
				InitializePlatformSupportModulesInManaged (16ms)
				SetLoadedEditorAssemblies (1ms)
				RefreshPlugins (75ms)
				BeforeProcessingInitializeOnLoad (5ms)
				ProcessInitializeOnLoadAttributes (333ms)
				ProcessInitializeOnLoadMethodAttributes (104ms)
				AfterProcessingInitializeOnLoad (0ms)
				EditorAssembliesLoaded (1ms)
			ExecutionOrderSort2 (0ms)
			AwakeInstancesAfterBackupRestoration (0ms)
Platform modules already initialized, skipping
Registering precompiled user dll's ...
Registered in 0.009540 seconds.
Begin MonoManager ReloadAssembly
Native extension for WindowsStandalone target not found
Refreshing native plugins compatible for Editor in 53.62 ms, found 3 plugins.
Preloading 0 native plugins for Editor in 0.00 ms.
Mono: successfully reloaded assembly
- Completed reload, in  2.157 seconds
Domain Reload Profiling:
	ReloadAssembly (2158ms)
		BeginReloadAssembly (134ms)
			ExecutionOrderSort (0ms)
			DisableScriptedObjects (7ms)
			BackupInstance (0ms)
			ReleaseScriptingObjects (0ms)
			CreateAndSetChildDomain (24ms)
		EndReloadAssembly (1872ms)
			LoadAssemblies (94ms)
			RebuildTransferFunctionScriptingTraits (0ms)
			SetupTypeCache (426ms)
			ReleaseScriptCaches (1ms)
			RebuildScriptCaches (109ms)
			SetupLoadedEditorAssemblies (1105ms)
				LogAssemblyErrors (0ms)
				InitializePlatformSupportModulesInManaged (14ms)
				SetLoadedEditorAssemblies (0ms)
				RefreshPlugins (54ms)
				BeforeProcessingInitializeOnLoad (78ms)
				ProcessInitializeOnLoadAttributes (910ms)
				ProcessInitializeOnLoadMethodAttributes (38ms)
				AfterProcessingInitializeOnLoad (10ms)
				EditorAssembliesLoaded (0ms)
			ExecutionOrderSort2 (0ms)
			AwakeInstancesAfterBackupRestoration (6ms)
Platform modules already initialized, skipping
========================================================================
Worker process is ready to serve import requests
Launched and connected shader compiler UnityShaderCompiler.exe after 0.08 seconds
Refreshing native plugins compatible for Editor in 0.47 ms, found 3 plugins.
Preloading 0 native plugins for Editor in 0.00 ms.
Unloading 2315 Unused Serialized files (Serialized files now loaded: 0)
Unloading 30 unused Assets / (55.7 KB). Loaded Objects now: 2777.
Memory consumption went from 104.8 MB to 104.7 MB.
Total: 6.208500 ms (FindLiveObjects: 0.235500 ms CreateObjectMapping: 0.206400 ms MarkObjects: 5.685500 ms  DeleteObjects: 0.080200 ms)

AssetImportParameters requested are different than current active one (requested -> active):
  custom:video-decoder-ogg-theora: a1e56fd34408186e4bbccfd4996cb3dc -> 
  custom:container-muxer-webm: aa71ff27fc2769a1b78a27578f13a17b -> 
  custom:container-demuxer-webm: 4f35f7cbe854078d1ac9338744f61a02 -> 
  custom:video-encoder-webm-vp8: eb34c28f22e8b96e1ab97ce403110664 -> 
  custom:video-codec-MediaFoundation-h265: 746d11721c4dcdbdad8f713fa42b33f4 -> 
  custom:audio-encoder-webm-vorbis: bf7c407c2cedff20999df2af8eb42d56 -> 
  custom:framework-win-MediaFoundation: 216162199b28c13a410421893ffa2e32 -> 
  custom:container-demuxer-ogg: 62fdf1f143b41e24485cea50d1cbac27 -> 
  custom:video-decoder-webm-vp8: 9c59270c3fd7afecdb556c50c9e8de78 -> 
  custom:audio-decoder-ogg-vorbis: bf7c407c2cedff20999df2af8eb42d56 -> 
========================================================================
Received Import Request.
  Time since last request: 8981.694784 seconds.
  path: Assets/Sprites/Stick Man Spritesheet.png
  artifactKey: Guid(43efdafa26271384c9488409ed9753e5) Importer(815301076,1909f56bfc062723c751e8b465ee728b)
Start importing Assets/Sprites/Stick Man Spritesheet.png using Guid(43efdafa26271384c9488409ed9753e5) Importer(815301076,1909f56bfc062723c751e8b465ee728b)  -> (artifact id: 'c0529ac21d2c785cafad140905315a27') in 0.180448 seconds 
========================================================================
Received Import Request.
  Time since last request: 8.996477 seconds.
  path: Assets/Sprites/Stick Man Spritesheet.png
  artifactKey: Guid(43efdafa26271384c9488409ed9753e5) Importer(815301076,1909f56bfc062723c751e8b465ee728b)
Start importing Assets/Sprites/Stick Man Spritesheet.png using Guid(43efdafa26271384c9488409ed9753e5) Importer(815301076,1909f56bfc062723c751e8b465ee728b)  -> (artifact id: 'dd31fc678d80daf47cd3696d7ae2edc9') in 0.054544 seconds 
========================================================================
Received Import Request.
  Time since last request: 11.947623 seconds.
  path: Assets/Sprites/Stick Man Spritesheet.png
  artifactKey: Guid(43efdafa26271384c9488409ed9753e5) Importer(815301076,1909f56bfc062723c751e8b465ee728b)
Start importing Assets/Sprites/Stick Man Spritesheet.png using Guid(43efdafa26271384c9488409ed9753e5) Importer(815301076,1909f56bfc062723c751e8b465ee728b)  -> (artifact id: '41fb0d526110451a54943c40d8317c3a') in 0.033650 seconds 
========================================================================
Received Import Request.
  Time since last request: 128.735474 seconds.
  path: Assets/Sprites/Stick Man Spritesheet.png
  artifactKey: Guid(43efdafa26271384c9488409ed9753e5) Importer(815301076,1909f56bfc062723c751e8b465ee728b)
Start importing Assets/Sprites/Stick Man Spritesheet.png using Guid(43efdafa26271384c9488409ed9753e5) Importer(815301076,1909f56bfc062723c751e8b465ee728b)  -> (artifact id: '2f8b91a50b8febb373c1f32f8a786808') in 0.036905 seconds 
========================================================================
Received Import Request.
  Time since last request: 58.819485 seconds.
  path: Assets/Sprites/Stick Man Spritesheet.png
  artifactKey: Guid(43efdafa26271384c9488409ed9753e5) Importer(815301076,1909f56bfc062723c751e8b465ee728b)
Start importing Assets/Sprites/Stick Man Spritesheet.png using Guid(43efdafa26271384c9488409ed9753e5) Importer(815301076,1909f56bfc062723c751e8b465ee728b)  -> (artifact id: 'd18d29c8d40005c76f38210f73935115') in 0.046774 seconds 
========================================================================
Received Import Request.
  Time since last request: 493.645846 seconds.
  path: Assets/Sprites/Stick Man.png
  artifactKey: Guid(1fca50c0c7ff67a4b8359e6b7d7f7dda) Importer(815301076,1909f56bfc062723c751e8b465ee728b)
Start importing Assets/Sprites/Stick Man.png using Guid(1fca50c0c7ff67a4b8359e6b7d7f7dda) Importer(815301076,1909f56bfc062723c751e8b465ee728b)  -> (artifact id: 'ce80a5f5dea2e5d09504f21fac2ac2e3') in 0.152211 seconds 
========================================================================
Received Import Request.
  Time since last request: 87.190746 seconds.
  path: Assets/Sprites/Stick Man.png
  artifactKey: Guid(1fca50c0c7ff67a4b8359e6b7d7f7dda) Importer(815301076,1909f56bfc062723c751e8b465ee728b)
Start importing Assets/Sprites/Stick Man.png using Guid(1fca50c0c7ff67a4b8359e6b7d7f7dda) Importer(815301076,1909f56bfc062723c751e8b465ee728b)  -> (artifact id: 'dc365fdf843b563e9a3d3207a2b36013') in 0.107972 seconds 
========================================================================
Received Import Request.
  Time since last request: 674.785160 seconds.
  path: Assets/Sprites/Stick Man.xcf
  artifactKey: Guid(846500eabb1175f4dbf2d0c7942ff410) Importer(815301076,1909f56bfc062723c751e8b465ee728b)
Start importing Assets/Sprites/Stick Man.xcf using Guid(846500eabb1175f4dbf2d0c7942ff410) Importer(815301076,1909f56bfc062723c751e8b465ee728b)  -> (artifact id: 'c2d64f1ebe18b7eae4bd0c3960e1492a') in 0.009226 seconds 
========================================================================
Received Import Request.
  Time since last request: 52.141323 seconds.
  path: Assets/Sprites/Stick Man 2.psd
  artifactKey: Guid(68651477845a0664b8f4659e3e242124) Importer(815301076,1909f56bfc062723c751e8b465ee728b)
Start importing Assets/Sprites/Stick Man 2.psd using Guid(68651477845a0664b8f4659e3e242124) Importer(815301076,1909f56bfc062723c751e8b465ee728b)  -> (artifact id: 'f1ed6da596e97f593e9058b3a73d5c51') in 0.230441 seconds 
========================================================================
Received Import Request.
  Time since last request: 145.984472 seconds.
  path: Assets/Sprites/Stick-Man.psd
  artifactKey: Guid(0775a6e20c8b20d4c82d29d218829d64) Importer(815301076,1909f56bfc062723c751e8b465ee728b)
Start importing Assets/Sprites/Stick-Man.psd using Guid(0775a6e20c8b20d4c82d29d218829d64) Importer(815301076,1909f56bfc062723c751e8b465ee728b)  -> (artifact id: 'e207c823a490d1fe9f82e61d9eb77b6f') in 0.113679 seconds 
========================================================================
Received Import Request.
  Time since last request: 223.204708 seconds.
  path: Assets/Sprites/Stick Man Spritesheet.psd
  artifactKey: Guid(88cd79225233db54cb8bc2841f7fe65c) Importer(815301076,1909f56bfc062723c751e8b465ee728b)
Start importing Assets/Sprites/Stick Man Spritesheet.psd using Guid(88cd79225233db54cb8bc2841f7fe65c) Importer(815301076,1909f56bfc062723c751e8b465ee728b)  -> (artifact id: '4dcb2562444750ba52bb3ff928d6b65e') in 0.106099 seconds 
========================================================================
Received Import Request.
  Time since last request: 687.454310 seconds.
  path: Assets/Sprites/Stick Man Spritesheet.psd
  artifactKey: Guid(88cd79225233db54cb8bc2841f7fe65c) Importer(815301076,1909f56bfc062723c751e8b465ee728b)
Start importing Assets/Sprites/Stick Man Spritesheet.psd using Guid(88cd79225233db54cb8bc2841f7fe65c) Importer(815301076,1909f56bfc062723c751e8b465ee728b)  -> (artifact id: '00b3e926653145ae3557ddc6d03b82d5') in 0.108989 seconds 
========================================================================
Received Prepare
Registering precompiled user dll's ...
Registered in 0.007870 seconds.
Begin MonoManager ReloadAssembly
Native extension for WindowsStandalone target not found
Refreshing native plugins compatible for Editor in 1.13 ms, found 3 plugins.
Preloading 0 native plugins for Editor in 0.00 ms.
Mono: successfully reloaded assembly
- Completed reload, in  2.275 seconds
Domain Reload Profiling:
	ReloadAssembly (2276ms)
		BeginReloadAssembly (429ms)
			ExecutionOrderSort (0ms)
			DisableScriptedObjects (41ms)
			BackupInstance (0ms)
			ReleaseScriptingObjects (0ms)
			CreateAndSetChildDomain (156ms)
		EndReloadAssembly (1641ms)
			LoadAssemblies (208ms)
			RebuildTransferFunctionScriptingTraits (0ms)
			SetupTypeCache (423ms)
			ReleaseScriptCaches (3ms)
			RebuildScriptCaches (104ms)
			SetupLoadedEditorAssemblies (864ms)
				LogAssemblyErrors (0ms)
				InitializePlatformSupportModulesInManaged (22ms)
				SetLoadedEditorAssemblies (1ms)
				RefreshPlugins (1ms)
				BeforeProcessingInitializeOnLoad (133ms)
				ProcessInitializeOnLoadAttributes (613ms)
				ProcessInitializeOnLoadMethodAttributes (74ms)
				AfterProcessingInitializeOnLoad (19ms)
				EditorAssembliesLoaded (0ms)
			ExecutionOrderSort2 (0ms)
			AwakeInstancesAfterBackupRestoration (18ms)
Platform modules already initialized, skipping
Refreshing native plugins compatible for Editor in 2.98 ms, found 3 plugins.
Preloading 0 native plugins for Editor in 0.00 ms.
Unloading 2304 Unused Serialized files (Serialized files now loaded: 0)
Unloading 17 unused Assets / (24.7 KB). Loaded Objects now: 2793.
Memory consumption went from 108.0 MB to 108.0 MB.
Total: 4.883900 ms (FindLiveObjects: 0.364100 ms CreateObjectMapping: 0.356700 ms MarkObjects: 4.122300 ms  DeleteObjects: 0.037300 ms)

AssetImportParameters requested are different than current active one (requested -> active):
  custom:video-decoder-ogg-theora: a1e56fd34408186e4bbccfd4996cb3dc -> 
  custom:container-muxer-webm: aa71ff27fc2769a1b78a27578f13a17b -> 
  custom:container-demuxer-webm: 4f35f7cbe854078d1ac9338744f61a02 -> 
  custom:video-encoder-webm-vp8: eb34c28f22e8b96e1ab97ce403110664 -> 
  custom:video-codec-MediaFoundation-h265: 746d11721c4dcdbdad8f713fa42b33f4 -> 
  custom:audio-encoder-webm-vorbis: bf7c407c2cedff20999df2af8eb42d56 -> 
  custom:framework-win-MediaFoundation: 216162199b28c13a410421893ffa2e32 -> 
  custom:container-demuxer-ogg: 62fdf1f143b41e24485cea50d1cbac27 -> 
  custom:video-decoder-webm-vp8: 9c59270c3fd7afecdb556c50c9e8de78 -> 
  custom:audio-decoder-ogg-vorbis: bf7c407c2cedff20999df2af8eb42d56 -> 
========================================================================
Received Import Request.
  Time since last request: 13080.979280 seconds.
  path: Assets/Sprites/Player Stick Man.png
  artifactKey: Guid(459b9b1c80a7d8147a0e28d9cb385b65) Importer(815301076,1909f56bfc062723c751e8b465ee728b)
Start importing Assets/Sprites/Player Stick Man.png using Guid(459b9b1c80a7d8147a0e28d9cb385b65) Importer(815301076,1909f56bfc062723c751e8b465ee728b)  -> (artifact id: '569ebaa8ebd2ba9e978de482ec5b849c') in 0.714006 seconds 
========================================================================
Received Import Request.
  Time since last request: 36.711617 seconds.
  path: Assets/Sprites/Stick Man Spritesheet.psd
  artifactKey: Guid(88cd79225233db54cb8bc2841f7fe65c) Importer(815301076,1909f56bfc062723c751e8b465ee728b)
Start importing Assets/Sprites/Stick Man Spritesheet.psd using Guid(88cd79225233db54cb8bc2841f7fe65c) Importer(815301076,1909f56bfc062723c751e8b465ee728b)  -> (artifact id: '1b7956a2d6d7603715fe848682036411') in 0.037968 seconds 
========================================================================
Received Import Request.
  Time since last request: 11.877622 seconds.
  path: Assets/Sprites/Stick Man Spritesheet.psd
  artifactKey: Guid(88cd79225233db54cb8bc2841f7fe65c) Importer(815301076,1909f56bfc062723c751e8b465ee728b)
Start importing Assets/Sprites/Stick Man Spritesheet.psd using Guid(88cd79225233db54cb8bc2841f7fe65c) Importer(815301076,1909f56bfc062723c751e8b465ee728b)  -> (artifact id: '6fd222915b16c88a6f1bf0881f4e089e') in 0.069937 seconds 
========================================================================
Received Import Request.
  Time since last request: 4289.142012 seconds.
  path: Assets/Sprites/Stick Man.xcf
  artifactKey: Guid(846500eabb1175f4dbf2d0c7942ff410) Importer(815301076,1909f56bfc062723c751e8b465ee728b)
Start importing Assets/Sprites/Stick Man.xcf using Guid(846500eabb1175f4dbf2d0c7942ff410) Importer(815301076,1909f56bfc062723c751e8b465ee728b)  -> (artifact id: '59fe10810e9f64b898c02a1be2c95097') in 0.028958 seconds 
========================================================================
Received Import Request.
  Time since last request: 121.327417 seconds.
  path: Assets/Sprites/Stick Man Spritesheet.png
  artifactKey: Guid(43efdafa26271384c9488409ed9753e5) Importer(815301076,1909f56bfc062723c751e8b465ee728b)
Start importing Assets/Sprites/Stick Man Spritesheet.png using Guid(43efdafa26271384c9488409ed9753e5) Importer(815301076,1909f56bfc062723c751e8b465ee728b)  -> (artifact id: '1ccaaf738baf8f17445986accbe5c5ec') in 0.274385 seconds 
========================================================================
Received Import Request.
  Time since last request: 76.544391 seconds.
  path: Assets/Sprites/Placeholder Stickman.png
  artifactKey: Guid(67a09d31f30db6d449fdda53546f8834) Importer(815301076,1909f56bfc062723c751e8b465ee728b)
Start importing Assets/Sprites/Placeholder Stickman.png using Guid(67a09d31f30db6d449fdda53546f8834) Importer(815301076,1909f56bfc062723c751e8b465ee728b)  -> (artifact id: '9914686be8388f4c1684d62074b71c1d') in 0.020314 seconds 
========================================================================
Received Import Request.
  Time since last request: 22.742812 seconds.
  path: Assets/Sprites/Placeholder Stickman.png
  artifactKey: Guid(67a09d31f30db6d449fdda53546f8834) Importer(815301076,1909f56bfc062723c751e8b465ee728b)
Start importing Assets/Sprites/Placeholder Stickman.png using Guid(67a09d31f30db6d449fdda53546f8834) Importer(815301076,1909f56bfc062723c751e8b465ee728b)  -> (artifact id: 'eab65daf25b709888d5b797bee89673f') in 0.010751 seconds 
========================================================================
Received Import Request.
  Time since last request: 4.875649 seconds.
  path: Assets/Sprites/Placeholder Stickman.png
  artifactKey: Guid(67a09d31f30db6d449fdda53546f8834) Importer(815301076,1909f56bfc062723c751e8b465ee728b)
Start importing Assets/Sprites/Placeholder Stickman.png using Guid(67a09d31f30db6d449fdda53546f8834) Importer(815301076,1909f56bfc062723c751e8b465ee728b)  -> (artifact id: '472c5b874c58677acab4392414706daa') in 0.011465 seconds 
========================================================================
Received Import Request.
  Time since last request: 11.892504 seconds.
  path: Assets/Sprites/Stickman.png
  artifactKey: Guid(3dd2e5c369c7ff94597a6a001b19481c) Importer(815301076,1909f56bfc062723c751e8b465ee728b)
Start importing Assets/Sprites/Stickman.png using Guid(3dd2e5c369c7ff94597a6a001b19481c) Importer(815301076,1909f56bfc062723c751e8b465ee728b)  -> (artifact id: '82fa28e140422cd0cccf39777cb79221') in 0.105390 seconds 
========================================================================
Received Import Request.
  Time since last request: 6.789695 seconds.
  path: Assets/Sprites/Stickman.png
  artifactKey: Guid(3dd2e5c369c7ff94597a6a001b19481c) Importer(815301076,1909f56bfc062723c751e8b465ee728b)
Start importing Assets/Sprites/Stickman.png using Guid(3dd2e5c369c7ff94597a6a001b19481c) Importer(815301076,1909f56bfc062723c751e8b465ee728b)  -> (artifact id: 'eff520821c8e888d54f02ce53754b96e') in 0.023681 seconds 
========================================================================
Received Import Request.
  Time since last request: 8.273084 seconds.
  path: Assets/Sprites/Stickman.png
  artifactKey: Guid(3dd2e5c369c7ff94597a6a001b19481c) Importer(815301076,1909f56bfc062723c751e8b465ee728b)
Start importing Assets/Sprites/Stickman.png using Guid(3dd2e5c369c7ff94597a6a001b19481c) Importer(815301076,1909f56bfc062723c751e8b465ee728b)  -> (artifact id: 'f278b5393091df999eb0e11451bf7226') in 0.034633 seconds 
========================================================================
Received Import Request.
  Time since last request: 34.651335 seconds.
  path: Assets/Sprites/Stickman.png
  artifactKey: Guid(3dd2e5c369c7ff94597a6a001b19481c) Importer(815301076,1909f56bfc062723c751e8b465ee728b)
Start importing Assets/Sprites/Stickman.png using Guid(3dd2e5c369c7ff94597a6a001b19481c) Importer(815301076,1909f56bfc062723c751e8b465ee728b)  -> (artifact id: '288b03158fd5bd5421d8543de750ed66') in 0.117066 seconds 
========================================================================
Received Import Request.
  Time since last request: 37.745087 seconds.
  path: Assets/Sprites/Stickman.png
  artifactKey: Guid(3dd2e5c369c7ff94597a6a001b19481c) Importer(815301076,1909f56bfc062723c751e8b465ee728b)
Start importing Assets/Sprites/Stickman.png using Guid(3dd2e5c369c7ff94597a6a001b19481c) Importer(815301076,1909f56bfc062723c751e8b465ee728b)  -> (artifact id: '72aa3201a9b2b5f33b0816b17a60c535') in 0.009427 seconds 
========================================================================
Received Prepare
Registering precompiled user dll's ...
Registered in 0.010940 seconds.
Begin MonoManager ReloadAssembly
Native extension for WindowsStandalone target not found
Refreshing native plugins compatible for Editor in 1.32 ms, found 3 plugins.
Preloading 0 native plugins for Editor in 0.00 ms.
Mono: successfully reloaded assembly
- Completed reload, in  2.388 seconds
Domain Reload Profiling:
	ReloadAssembly (2391ms)
		BeginReloadAssembly (398ms)
			ExecutionOrderSort (0ms)
			DisableScriptedObjects (35ms)
			BackupInstance (0ms)
			ReleaseScriptingObjects (0ms)
			CreateAndSetChildDomain (169ms)
		EndReloadAssembly (1694ms)
			LoadAssemblies (163ms)
			RebuildTransferFunctionScriptingTraits (0ms)
			SetupTypeCache (393ms)
			ReleaseScriptCaches (2ms)
			RebuildScriptCaches (118ms)
			SetupLoadedEditorAssemblies (926ms)
				LogAssemblyErrors (0ms)
				InitializePlatformSupportModulesInManaged (34ms)
				SetLoadedEditorAssemblies (1ms)
				RefreshPlugins (2ms)
				BeforeProcessingInitializeOnLoad (190ms)
				ProcessInitializeOnLoadAttributes (627ms)
				ProcessInitializeOnLoadMethodAttributes (58ms)
				AfterProcessingInitializeOnLoad (14ms)
				EditorAssembliesLoaded (0ms)
			ExecutionOrderSort2 (0ms)
			AwakeInstancesAfterBackupRestoration (14ms)
Platform modules already initialized, skipping
Refreshing native plugins compatible for Editor in 4.46 ms, found 3 plugins.
Preloading 0 native plugins for Editor in 0.00 ms.
Unloading 2304 Unused Serialized files (Serialized files now loaded: 0)
Unloading 17 unused Assets / (24.7 KB). Loaded Objects now: 2800.
Memory consumption went from 108.0 MB to 108.0 MB.
Total: 4.328100 ms (FindLiveObjects: 0.235300 ms CreateObjectMapping: 0.137300 ms MarkObjects: 3.931000 ms  DeleteObjects: 0.023000 ms)

AssetImportParameters requested are different than current active one (requested -> active):
  custom:video-decoder-ogg-theora: a1e56fd34408186e4bbccfd4996cb3dc -> 
  custom:container-muxer-webm: aa71ff27fc2769a1b78a27578f13a17b -> 
  custom:container-demuxer-webm: 4f35f7cbe854078d1ac9338744f61a02 -> 
  custom:video-encoder-webm-vp8: eb34c28f22e8b96e1ab97ce403110664 -> 
  custom:video-codec-MediaFoundation-h265: 746d11721c4dcdbdad8f713fa42b33f4 -> 
  custom:audio-encoder-webm-vorbis: bf7c407c2cedff20999df2af8eb42d56 -> 
  custom:framework-win-MediaFoundation: 216162199b28c13a410421893ffa2e32 -> 
  custom:container-demuxer-ogg: 62fdf1f143b41e24485cea50d1cbac27 -> 
  custom:video-decoder-webm-vp8: 9c59270c3fd7afecdb556c50c9e8de78 -> 
  custom:audio-decoder-ogg-vorbis: bf7c407c2cedff20999df2af8eb42d56 -> 
========================================================================
Received Import Request.
  Time since last request: 138.673170 seconds.
  path: Assets/Sprites/Stickman.png
  artifactKey: Guid(3dd2e5c369c7ff94597a6a001b19481c) Importer(815301076,1909f56bfc062723c751e8b465ee728b)
Start importing Assets/Sprites/Stickman.png using Guid(3dd2e5c369c7ff94597a6a001b19481c) Importer(815301076,1909f56bfc062723c751e8b465ee728b)  -> (artifact id: 'adcd5ade8cf41e9b1e0f52ce1a9eda15') in 0.049212 seconds 
========================================================================
Received Import Request.
  Time since last request: 9.440103 seconds.
  path: Assets/Sprites/Stickman.png
  artifactKey: Guid(3dd2e5c369c7ff94597a6a001b19481c) Importer(815301076,1909f56bfc062723c751e8b465ee728b)
Start importing Assets/Sprites/Stickman.png using Guid(3dd2e5c369c7ff94597a6a001b19481c) Importer(815301076,1909f56bfc062723c751e8b465ee728b)  -> (artifact id: 'f247f26e6dbb1c1f94bff615e2c5a191') in 0.071339 seconds 
========================================================================
Received Import Request.
  Time since last request: 352.727824 seconds.
  path: Assets/Sprites/Stick Man Spritesheet.png
  artifactKey: Guid(43efdafa26271384c9488409ed9753e5) Importer(815301076,1909f56bfc062723c751e8b465ee728b)
Start importing Assets/Sprites/Stick Man Spritesheet.png using Guid(43efdafa26271384c9488409ed9753e5) Importer(815301076,1909f56bfc062723c751e8b465ee728b)  -> (artifact id: 'c72ea7c51470642fb5982cf7fe271b39') in 0.109048 seconds 
========================================================================
Received Import Request.
  Time since last request: 55.881302 seconds.
  path: Assets/Sprites/Stick Man Spritesheet.png
  artifactKey: Guid(43efdafa26271384c9488409ed9753e5) Importer(815301076,1909f56bfc062723c751e8b465ee728b)
Start importing Assets/Sprites/Stick Man Spritesheet.png using Guid(43efdafa26271384c9488409ed9753e5) Importer(815301076,1909f56bfc062723c751e8b465ee728b)  -> (artifact id: 'f8b7be86e6dfea94b3ae14f5b3225484') in 0.011187 seconds 
========================================================================
Received Import Request.
  Time since last request: 14.413189 seconds.
  path: Assets/Sprites/Stick Man Spritesheet.png
  artifactKey: Guid(43efdafa26271384c9488409ed9753e5) Importer(815301076,1909f56bfc062723c751e8b465ee728b)
Start importing Assets/Sprites/Stick Man Spritesheet.png using Guid(43efdafa26271384c9488409ed9753e5) Importer(815301076,1909f56bfc062723c751e8b465ee728b)  -> (artifact id: '884106fc7a3cdff880ffa57d7b6a1554') in 0.035775 seconds 
========================================================================
Received Import Request.
  Time since last request: 116.383791 seconds.
  path: Assets/Scenes/Test.unity
  artifactKey: Guid(edcc6e2d904a7c949bfabe98badd058b) Importer(815301076,1909f56bfc062723c751e8b465ee728b)
Start importing Assets/Scenes/Test.unity using Guid(edcc6e2d904a7c949bfabe98badd058b) Importer(815301076,1909f56bfc062723c751e8b465ee728b)  -> (artifact id: '3ea390d44e52d7cb7b4ffc8d35a82d08') in 0.005755 seconds 
========================================================================
Received Prepare
Registering precompiled user dll's ...
Registered in 0.005819 seconds.
Begin MonoManager ReloadAssembly
Native extension for WindowsStandalone target not found
Refreshing native plugins compatible for Editor in 1.22 ms, found 3 plugins.
Preloading 0 native plugins for Editor in 0.00 ms.
Mono: successfully reloaded assembly
- Completed reload, in  1.856 seconds
Domain Reload Profiling:
	ReloadAssembly (1857ms)
		BeginReloadAssembly (147ms)
			ExecutionOrderSort (0ms)
			DisableScriptedObjects (10ms)
			BackupInstance (0ms)
			ReleaseScriptingObjects (0ms)
			CreateAndSetChildDomain (41ms)
		EndReloadAssembly (1517ms)
			LoadAssemblies (106ms)
			RebuildTransferFunctionScriptingTraits (0ms)
			SetupTypeCache (435ms)
			ReleaseScriptCaches (3ms)
			RebuildScriptCaches (108ms)
			SetupLoadedEditorAssemblies (741ms)
				LogAssemblyErrors (0ms)
				InitializePlatformSupportModulesInManaged (29ms)
				SetLoadedEditorAssemblies (1ms)
				RefreshPlugins (1ms)
				BeforeProcessingInitializeOnLoad (173ms)
				ProcessInitializeOnLoadAttributes (466ms)
				ProcessInitializeOnLoadMethodAttributes (58ms)
				AfterProcessingInitializeOnLoad (12ms)
				EditorAssembliesLoaded (0ms)
			ExecutionOrderSort2 (0ms)
			AwakeInstancesAfterBackupRestoration (11ms)
Platform modules already initialized, skipping
Refreshing native plugins compatible for Editor in 3.74 ms, found 3 plugins.
Preloading 0 native plugins for Editor in 0.00 ms.
Unloading 2304 Unused Serialized files (Serialized files now loaded: 0)
Unloading 17 unused Assets / (24.6 KB). Loaded Objects now: 2802.
Memory consumption went from 108.1 MB to 108.0 MB.
Total: 5.409700 ms (FindLiveObjects: 0.210400 ms CreateObjectMapping: 0.103800 ms MarkObjects: 5.003500 ms  DeleteObjects: 0.090100 ms)

AssetImportParameters requested are different than current active one (requested -> active):
  custom:video-decoder-ogg-theora: a1e56fd34408186e4bbccfd4996cb3dc -> 
  custom:container-muxer-webm: aa71ff27fc2769a1b78a27578f13a17b -> 
  custom:container-demuxer-webm: 4f35f7cbe854078d1ac9338744f61a02 -> 
  custom:video-encoder-webm-vp8: eb34c28f22e8b96e1ab97ce403110664 -> 
  custom:video-codec-MediaFoundation-h265: 746d11721c4dcdbdad8f713fa42b33f4 -> 
  custom:audio-encoder-webm-vorbis: bf7c407c2cedff20999df2af8eb42d56 -> 
  custom:framework-win-MediaFoundation: 216162199b28c13a410421893ffa2e32 -> 
  custom:container-demuxer-ogg: 62fdf1f143b41e24485cea50d1cbac27 -> 
  custom:video-decoder-webm-vp8: 9c59270c3fd7afecdb556c50c9e8de78 -> 
  custom:audio-decoder-ogg-vorbis: bf7c407c2cedff20999df2af8eb42d56 -> 
========================================================================
Received Import Request.
  Time since last request: 1799.181512 seconds.
  path: Assets/Scenes/SampleScene.unity
  artifactKey: Guid(2cda990e2423bbf4892e6590ba056729) Importer(815301076,1909f56bfc062723c751e8b465ee728b)
Start importing Assets/Scenes/SampleScene.unity using Guid(2cda990e2423bbf4892e6590ba056729) Importer(815301076,1909f56bfc062723c751e8b465ee728b)  -> (artifact id: '3241deecf399e82f7d2414bb1c07c76f') in 0.011291 seconds 
========================================================================
Received Import Request.
  Time since last request: 20.094901 seconds.
  path: Assets/Scenes/Test.unity
  artifactKey: Guid(edcc6e2d904a7c949bfabe98badd058b) Importer(815301076,1909f56bfc062723c751e8b465ee728b)
Start importing Assets/Scenes/Test.unity using Guid(edcc6e2d904a7c949bfabe98badd058b) Importer(815301076,1909f56bfc062723c751e8b465ee728b)  -> (artifact id: 'e1c73641815f02bb538d49738df85fd6') in 0.001858 seconds 
========================================================================
Received Import Request.
  Time since last request: 44.330382 seconds.
  path: Assets/Sprites/Stick Man.prefab
  artifactKey: Guid(ee5eb33bfb17b08459eb61a454f858d1) Importer(815301076,1909f56bfc062723c751e8b465ee728b)
Start importing Assets/Sprites/Stick Man.prefab using Guid(ee5eb33bfb17b08459eb61a454f858d1) Importer(815301076,1909f56bfc062723c751e8b465ee728b)  -> (artifact id: 'd820072c75635d57649098065174cd89') in 0.104429 seconds 
========================================================================
Received Import Request.
  Time since last request: 7.327556 seconds.
  path: Assets/Tiles/Grass Tile.png
  artifactKey: Guid(8731de8cc355c8f48a4b267eb745772f) Importer(815301076,1909f56bfc062723c751e8b465ee728b)
Start importing Assets/Tiles/Grass Tile.png using Guid(8731de8cc355c8f48a4b267eb745772f) Importer(815301076,1909f56bfc062723c751e8b465ee728b)  -> (artifact id: '799e44bda2092c21db8af977c03f8de8') in 0.051665 seconds 
========================================================================
Received Import Request.
  Time since last request: 65.092260 seconds.
  path: Assets/Scenes/Test.unity
  artifactKey: Guid(edcc6e2d904a7c949bfabe98badd058b) Importer(815301076,1909f56bfc062723c751e8b465ee728b)
Start importing Assets/Scenes/Test.unity using Guid(edcc6e2d904a7c949bfabe98badd058b) Importer(815301076,1909f56bfc062723c751e8b465ee728b)  -> (artifact id: '10b3f9b22067303e2d40db53dd68dc71') in 0.001975 seconds 
========================================================================
Received Import Request.
  Time since last request: 41.912478 seconds.
  path: Assets/Sprites/Stick Man.prefab
  artifactKey: Guid(ee5eb33bfb17b08459eb61a454f858d1) Importer(815301076,1909f56bfc062723c751e8b465ee728b)
Start importing Assets/Sprites/Stick Man.prefab using Guid(ee5eb33bfb17b08459eb61a454f858d1) Importer(815301076,1909f56bfc062723c751e8b465ee728b)  -> (artifact id: 'dcb643974b47f17b17f3fba0e4fa769d') in 0.022198 seconds 
========================================================================
Received Import Request.
  Time since last request: 207.782991 seconds.
  path: Assets/Prefabs
  artifactKey: Guid(ad2e581293d5ced4ca384fa6dc2d3e13) Importer(815301076,1909f56bfc062723c751e8b465ee728b)
Start importing Assets/Prefabs using Guid(ad2e581293d5ced4ca384fa6dc2d3e13) Importer(815301076,1909f56bfc062723c751e8b465ee728b)  -> (artifact id: 'a1180e219494e75258b656b044753a52') in 0.005803 seconds 
========================================================================
Received Import Request.
  Time since last request: 2.642869 seconds.
  path: Assets/Prefabs/Stick Man.prefab
  artifactKey: Guid(d6b6d29735df4a4459020af6edf2516d) Importer(815301076,1909f56bfc062723c751e8b465ee728b)
Start importing Assets/Prefabs/Stick Man.prefab using Guid(d6b6d29735df4a4459020af6edf2516d) Importer(815301076,1909f56bfc062723c751e8b465ee728b)  -> (artifact id: 'a91070182ebcf045633ab5f21bdeaf74') in 0.033881 seconds 
