
=== Wed Mar 30 19:30:03 2022

Packages were changed.
Update Mode: mergeDefaultDependencies

The following packages were added:
  com.unity.collab-proxy@1.3.8
  com.unity.ide.rider@1.2.1
  com.unity.ide.visualstudio@2.0.2
  com.unity.ide.vscode@1.2.1
  com.unity.modules.ai@1.0.0
  com.unity.modules.androidjni@1.0.0
  com.unity.modules.animation@1.0.0
  com.unity.modules.assetbundle@1.0.0
  com.unity.modules.audio@1.0.0
  com.unity.modules.cloth@1.0.0
  com.unity.modules.director@1.0.0
  com.unity.modules.imageconversion@1.0.0
  com.unity.modules.imgui@1.0.0
  com.unity.modules.jsonserialize@1.0.0
  com.unity.modules.particlesystem@1.0.0
  com.unity.modules.physics@1.0.0
  com.unity.modules.physics2d@1.0.0
  com.unity.modules.screencapture@1.0.0
  com.unity.modules.terrain@1.0.0
  com.unity.modules.terrainphysics@1.0.0
  com.unity.modules.tilemap@1.0.0
  com.unity.modules.ui@1.0.0
  com.unity.modules.uielements@1.0.0
  com.unity.modules.umbra@1.0.0
  com.unity.modules.unityanalytics@1.0.0
  com.unity.modules.unitywebrequest@1.0.0
  com.unity.modules.unitywebrequestassetbundle@1.0.0
  com.unity.modules.unitywebrequestaudio@1.0.0
  com.unity.modules.unitywebrequesttexture@1.0.0
  com.unity.modules.unitywebrequestwww@1.0.0
  com.unity.modules.vehicles@1.0.0
  com.unity.modules.video@1.0.0
  com.unity.modules.vr@1.0.0
  com.unity.modules.wind@1.0.0
  com.unity.modules.xr@1.0.0
  com.unity.test-framework@1.1.16
  com.unity.textmeshpro@3.0.1
  com.unity.timeline@1.3.4
  com.unity.ugui@1.0.0
The following packages were updated:
  com.unity.2d.spriteshape from version 4.1.1 to 4.1.2

=== Thu Mar 31 16:10:47 2022

Packages were changed.
Update Mode: updateDependencies

The following packages were updated:
  com.unity.2d.animation from version 4.2.4 to 7.0.3
  com.unity.2d.pixel-perfect from version 3.0.2 to 5.0.1
  com.unity.2d.psdimporter from version 3.1.4 to 6.0.2
  com.unity.2d.spriteshape from version 4.1.2 to 7.0.3
  com.unity.collab-proxy from version 1.3.8 to 1.15.12
  com.unity.ide.rider from version 1.2.1 to 3.0.12
  com.unity.ide.visualstudio from version 2.0.2 to 2.0.14
  com.unity.ide.vscode from version 1.2.1 to 1.2.5
  com.unity.test-framework from version 1.1.16 to 1.1.29
  com.unity.textmeshpro from version 3.0.1 to 3.0.6
  com.unity.timeline from version 1.3.4 to 1.6.4

=== Wed Oct 23 17:02:15 2024

Packages were changed.
Update Mode: updateDependencies

The following packages were added:
  com.unity.ai.navigation@2.0.4
  com.unity.modules.accessibility@1.0.0
  com.unity.multiplayer.center@1.0.0
The following packages were updated:
  com.unity.2d.animation from version 7.0.4 to 10.1.3
  com.unity.2d.pixel-perfect from version 5.0.1 to 5.0.3
  com.unity.2d.psdimporter from version 6.0.3 to 9.0.3
  com.unity.2d.spriteshape from version 7.0.3 to 10.0.6
  com.unity.collab-proxy from version 1.15.12 to 2.5.2
  com.unity.ide.rider from version 3.0.12 to 3.0.31
  com.unity.ide.visualstudio from version 2.0.14 to 2.0.22
  com.unity.test-framework from version 1.1.29 to 1.4.5
  com.unity.timeline from version 1.6.4 to 1.8.7
  com.unity.ugui from version 1.0.0 to 2.0.0
The following packages were removed:
  com.unity.textmeshpro@3.0.6

=== Fri Oct  3 10:23:48 2025

Packages were changed.
Update Mode: updateDependencies

The following packages were updated:
  com.unity.2d.animation from version 10.1.3 to 12.0.2
  com.unity.2d.pixel-perfect from version 5.0.3 to 5.1.0
  com.unity.2d.psdimporter from version 9.0.3 to 11.0.1
  com.unity.2d.spriteshape from version 10.0.6 to 12.0.1
  com.unity.ai.navigation from version 2.0.4 to 2.0.9
  com.unity.collab-proxy from version 2.5.2 to 2.9.3
  com.unity.ide.rider from version 3.0.31 to 3.0.37
  com.unity.ide.visualstudio from version 2.0.22 to 2.0.23
  com.unity.inputsystem from version 1.11.2 to 1.14.2
  com.unity.test-framework from version 1.4.5 to 1.6.0
  com.unity.timeline from version 1.8.7 to 1.8.9
